2024-05-16 10:49:32,421 [Worker-6: Loading available Gradle versions] INFO  o.e.b.c.i.u.g.PublishedGradleVersions - Gradle version information cache is out-of-date. Trying to update.
2024-05-16 10:54:12,985 [Worker-10: Import Getting Started Content] INFO  o.e.m.c.i.l.LifecycleMappingFactory - Using org.eclipse.m2e.jdt.JarLifecycleMapping lifecycle mapping for MavenProject: com.restservice:RESTfulWebService:0.0.1-SNAPSHOT @ C:\Users\MuziMzolo\Documents\workspace-spring-tool-suite-4-4.14.1.RELEASE\playground\RESTfulWebService\pom.xml.
2024-05-16 10:54:13,737 [Worker-10: Import Getting Started Content] INFO  o.e.m.j.i.AbstractJavaProjectConfigurator - Adding source folder /RESTfulWebService/src/main/java
2024-05-16 10:54:13,737 [Worker-10: Import Getting Started Content] INFO  o.e.m.j.i.AbstractJavaProjectConfigurator - Adding resource folder /RESTfulWebService/src/main/resources
2024-05-16 10:54:13,740 [Worker-10: Import Getting Started Content] INFO  o.e.m.j.i.AbstractJavaProjectConfigurator - Adding resource folder /RESTfulWebService/src/main/resources
2024-05-16 10:54:13,742 [Worker-10: Import Getting Started Content] INFO  o.e.m.j.i.AbstractJavaProjectConfigurator - Adding source folder /RESTfulWebService/src/test/java
2024-05-16 10:54:14,157 [Worker-10: Import Getting Started Content] INFO  o.e.m.c.i.p.ProjectConfigurationManager - Imported and configured 1 project(s) in 2 sec
2024-05-16 10:54:14,160 [Worker-10: Import Getting Started Content] INFO  o.e.m.c.i.p.ProjectConfigurationManager - Update started
2024-05-16 10:54:14,350 [Worker-10: Import Getting Started Content] INFO  o.e.m.c.i.l.LifecycleMappingFactory - Using org.eclipse.m2e.jdt.JarLifecycleMapping lifecycle mapping for MavenProject: com.restservice:RESTfulWebService:0.0.1-SNAPSHOT @ C:\Users\MuziMzolo\Documents\workspace-spring-tool-suite-4-4.14.1.RELEASE\playground\RESTfulWebService\pom.xml.
2024-05-16 10:54:14,579 [Worker-10: Import Getting Started Content] INFO  o.e.m.j.i.AbstractJavaProjectConfigurator - Adding source folder /RESTfulWebService/src/main/java
2024-05-16 10:54:14,579 [Worker-10: Import Getting Started Content] INFO  o.e.m.j.i.AbstractJavaProjectConfigurator - Adding resource folder /RESTfulWebService/src/main/resources
2024-05-16 10:54:14,579 [Worker-10: Import Getting Started Content] INFO  o.e.m.j.i.AbstractJavaProjectConfigurator - Adding resource folder /RESTfulWebService/src/main/resources
2024-05-16 10:54:14,580 [Worker-10: Import Getting Started Content] INFO  o.e.m.j.i.AbstractJavaProjectConfigurator - Adding source folder /RESTfulWebService/src/test/java
2024-05-16 10:54:14,957 [Worker-10: Import Getting Started Content] INFO  o.e.m.c.i.p.ProjectConfigurationManager - Update completed: 0 sec
2024-05-16 10:54:15,547 [Worker-12: Building] INFO  o.a.m.s.f.DefaultMavenResourcesFiltering - Copying 1 resource from src\main\resources to target\classes
2024-05-16 10:54:15,561 [Worker-12: Building] INFO  o.a.m.s.f.DefaultMavenResourcesFiltering - Copying 0 resource from src\main\resources to target\classes
2024-05-16 10:54:15,563 [Worker-12: Building] INFO  o.a.m.s.f.DefaultMavenResourcesFiltering - skip non existing resourceDirectory C:\Users\MuziMzolo\Documents\workspace-spring-tool-suite-4-4.14.1.RELEASE\playground\RESTfulWebService\src\test\resources
2024-05-16 11:08:58,346 [Worker-10: Building] INFO  o.a.m.s.f.DefaultMavenResourcesFiltering - Copying 1 resource from src\main\resources to target\classes
2024-05-16 11:08:58,360 [Worker-10: Building] INFO  o.a.m.s.f.DefaultMavenResourcesFiltering - Copying 0 resource from src\main\resources to target\classes
2024-05-16 11:08:58,364 [Worker-10: Building] INFO  o.a.m.s.f.DefaultMavenResourcesFiltering - skip non existing resourceDirectory C:\Users\MuziMzolo\Documents\workspace-spring-tool-suite-4-4.14.1.RELEASE\playground\RESTfulWebService\src\test\resources
2024-05-16 11:10:30,555 [Worker-17: Building] INFO  o.a.m.s.f.DefaultMavenResourcesFiltering - Copying 1 resource from src\main\resources to target\classes
2024-05-16 11:10:30,563 [Worker-17: Building] INFO  o.a.m.s.f.DefaultMavenResourcesFiltering - Copying 0 resource from src\main\resources to target\classes
2024-05-16 11:10:30,566 [Worker-17: Building] INFO  o.a.m.s.f.DefaultMavenResourcesFiltering - skip non existing resourceDirectory C:\Users\MuziMzolo\Documents\workspace-spring-tool-suite-4-4.14.1.RELEASE\playground\RESTfulWebService\src\test\resources
2024-05-16 11:16:47,801 [Worker-21: Building] INFO  o.a.m.s.f.DefaultMavenResourcesFiltering - Copying 1 resource from src\main\resources to target\classes
2024-05-16 11:16:47,803 [Worker-21: Building] INFO  o.a.m.s.f.DefaultMavenResourcesFiltering - Copying 0 resource from src\main\resources to target\classes
2024-05-16 11:16:47,804 [Worker-21: Building] INFO  o.a.m.s.f.DefaultMavenResourcesFiltering - skip non existing resourceDirectory C:\Users\MuziMzolo\Documents\workspace-spring-tool-suite-4-4.14.1.RELEASE\playground\RESTfulWebService\src\test\resources
2024-05-16 11:16:59,897 [Worker-18: Building] INFO  o.a.m.s.f.DefaultMavenResourcesFiltering - Copying 1 resource from src\main\resources to target\classes
2024-05-16 11:16:59,899 [Worker-18: Building] INFO  o.a.m.s.f.DefaultMavenResourcesFiltering - Copying 0 resource from src\main\resources to target\classes
2024-05-16 11:16:59,900 [Worker-18: Building] INFO  o.a.m.s.f.DefaultMavenResourcesFiltering - skip non existing resourceDirectory C:\Users\MuziMzolo\Documents\workspace-spring-tool-suite-4-4.14.1.RELEASE\playground\RESTfulWebService\src\test\resources
2024-05-16 11:18:13,215 [Worker-17: Building] INFO  o.a.m.s.f.DefaultMavenResourcesFiltering - Copying 1 resource from src\main\resources to target\classes
2024-05-16 11:18:13,220 [Worker-17: Building] INFO  o.a.m.s.f.DefaultMavenResourcesFiltering - Copying 0 resource from src\main\resources to target\classes
2024-05-16 11:18:13,222 [Worker-17: Building] INFO  o.a.m.s.f.DefaultMavenResourcesFiltering - skip non existing resourceDirectory C:\Users\MuziMzolo\Documents\workspace-spring-tool-suite-4-4.14.1.RELEASE\playground\RESTfulWebService\src\test\resources
2024-05-16 11:18:17,378 [Worker-20: Building] INFO  o.a.m.s.f.DefaultMavenResourcesFiltering - Copying 1 resource from src\main\resources to target\classes
2024-05-16 11:18:17,381 [Worker-20: Building] INFO  o.a.m.s.f.DefaultMavenResourcesFiltering - Copying 0 resource from src\main\resources to target\classes
2024-05-16 11:18:17,382 [Worker-20: Building] INFO  o.a.m.s.f.DefaultMavenResourcesFiltering - skip non existing resourceDirectory C:\Users\MuziMzolo\Documents\workspace-spring-tool-suite-4-4.14.1.RELEASE\playground\RESTfulWebService\src\test\resources
2024-05-16 11:18:34,357 [Worker-18: Building] INFO  o.a.m.s.f.DefaultMavenResourcesFiltering - Copying 1 resource from src\main\resources to target\classes
2024-05-16 11:18:34,361 [Worker-18: Building] INFO  o.a.m.s.f.DefaultMavenResourcesFiltering - Copying 0 resource from src\main\resources to target\classes
2024-05-16 11:18:34,364 [Worker-18: Building] INFO  o.a.m.s.f.DefaultMavenResourcesFiltering - skip non existing resourceDirectory C:\Users\MuziMzolo\Documents\workspace-spring-tool-suite-4-4.14.1.RELEASE\playground\RESTfulWebService\src\test\resources
2024-05-16 11:18:39,282 [Worker-21: Building] INFO  o.a.m.s.f.DefaultMavenResourcesFiltering - Copying 1 resource from src\main\resources to target\classes
2024-05-16 11:18:39,285 [Worker-21: Building] INFO  o.a.m.s.f.DefaultMavenResourcesFiltering - Copying 0 resource from src\main\resources to target\classes
2024-05-16 11:18:39,287 [Worker-21: Building] INFO  o.a.m.s.f.DefaultMavenResourcesFiltering - skip non existing resourceDirectory C:\Users\MuziMzolo\Documents\workspace-spring-tool-suite-4-4.14.1.RELEASE\playground\RESTfulWebService\src\test\resources
2024-05-16 11:19:22,640 [Worker-18: Building] INFO  o.a.m.s.f.DefaultMavenResourcesFiltering - Copying 1 resource from src\main\resources to target\classes
2024-05-16 11:19:22,644 [Worker-18: Building] INFO  o.a.m.s.f.DefaultMavenResourcesFiltering - Copying 0 resource from src\main\resources to target\classes
2024-05-16 11:19:22,645 [Worker-18: Building] INFO  o.a.m.s.f.DefaultMavenResourcesFiltering - skip non existing resourceDirectory C:\Users\MuziMzolo\Documents\workspace-spring-tool-suite-4-4.14.1.RELEASE\playground\RESTfulWebService\src\test\resources
